2019-11-27 19:49:09,534 | ERROR | 63269,  raised Error 404 
2019-11-27 19:49:17,950 | ERROR | 63273, index.lll raised Error 403 
2019-11-27 19:49:22,020 | ERROR | 63275, inde raised Error 404 
2019-11-27 19:49:28,076 | ERROR | 63277,  raised Error 404 
2019-11-29 11:14:42,585 | ERROR | 57176,  raised Error 404 
2019-11-29 11:16:04,466 | ERROR | 57204,  raised Error 404 
2019-11-29 11:19:15,830 | ERROR | 57314,  raised Error 404 
2019-11-29 11:19:15,998 | ERROR | 57314,  raised Error 404 
2019-11-29 11:19:16,149 | ERROR | 57315, favicon.ico raised Error 403 
2019-11-29 11:19:42,366 | ERROR | 57340, 2.htmlf raised Error 403 
2019-11-29 11:20:43,888 | ERROR | 57372, favicon.ico raised Error 403 
2019-11-29 11:21:56,796 | ERROR | 57424, 2.htmlg raised Error 403 
2019-11-29 11:22:04,041 | ERROR | 57430, favicon.ico raised Error 403 
2019-11-29 11:24:02,171 | ERROR | 57476,  raised Error 404 
2019-11-29 11:24:02,337 | ERROR | 57476,  raised Error 404 
2019-11-29 11:24:02,495 | ERROR | 57477, favicon.ico raised Error 403 
2019-11-29 11:27:36,412 | ERROR | 57535, favicon.ico raised Error 403 
2019-11-29 11:30:51,494 | ERROR | 57584,  raised Error 404 
2019-11-29 11:30:51,649 | ERROR | 57584,  raised Error 404 
2019-11-29 11:30:51,778 | ERROR | 57585, favicon.ico raised Error 403 
2019-11-29 11:31:13,959 | ERROR | 57596,  raised Error 404 
2019-11-29 11:31:29,509 | ERROR | 57599,  raised Error 404 
2019-11-29 11:32:57,024 | ERROR | 57628,  raised Error 404 
2019-11-29 11:32:57,208 | ERROR | 57628,  raised Error 404 
2019-11-29 11:32:57,276 | ERROR | 57629, favicon.ico raised Error 403 
2019-11-29 11:33:55,636 | ERROR | 57699,  raised Error 404 
2019-11-29 11:33:56,158 | ERROR | 57700,  raised Error 404 
2019-11-29 11:33:56,201 | ERROR | 57700, favicon.ico raised Error 403 
2019-11-29 11:33:59,687 | ERROR | 57708, favicon.ico raised Error 403 
2019-11-29 11:34:17,863 | ERROR | 57730,  raised Error 404 
2019-11-29 11:34:18,176 | ERROR | 57732, favicon.ico raised Error 403 
2019-11-29 11:34:18,607 | ERROR | 57734, favicon.ico raised Error 403 
2019-11-29 11:34:32,161 | ERROR | 57746,  raised Error 404 
2019-11-29 11:34:32,985 | ERROR | 57746, favicon.ico raised Error 403 
2019-11-29 11:34:34,953 | ERROR | 57750, favicon.ico raised Error 403 
2019-11-29 11:35:11,221 | ERROR | 57767,  raised Error 404 
2019-11-29 11:35:12,387 | ERROR | 57767, favicon.ico raised Error 403 
2019-11-29 11:35:16,341 | ERROR | 57768,  raised Error 404 
2019-11-29 11:35:16,662 | ERROR | 57770, favicon.ico raised Error 403 
2019-11-29 11:35:27,906 | ERROR | 57775, e raised Error 404 
2019-11-29 11:35:34,657 | ERROR | 57777, 2.defdfdf raised Error 403 
2019-11-29 11:35:43,759 | ERROR | 57780, favicon.ico raised Error 403 
